  [1m[35m (287.5ms)[0m  [1m[35mCREATE DATABASE "routes_practice_development" ENCODING = 'unicode'[0m
  ↳ bin/rails:9
  [1m[35m (184.0ms)[0m  [1m[35mCREATE DATABASE "routes_practice_test" ENCODING = 'unicode'[0m
  ↳ bin/rails:9
Started GET "/" for ::1 at 2022-03-30 14:02:41 -0700
Processing by Rails::WelcomeController#index as HTML
  Rendering /Users/appacademy/.rbenv/versions/2.5.1/lib/ruby/gems/2.5.0/gems/railties-5.2.7/lib/rails/templates/rails/welcome/index.html.erb
  Rendered /Users/appacademy/.rbenv/versions/2.5.1/lib/ruby/gems/2.5.0/gems/railties-5.2.7/lib/rails/templates/rails/welcome/index.html.erb (3.9ms)
Completed 200 OK in 25ms (Views: 14.3ms | ActiveRecord: 0.0ms)


Started GET "/users" for ::1 at 2022-03-30 14:10:49 -0700
  
AbstractController::ActionNotFound (The action 'index' could not be found for UsersController):
  
actionpack (5.2.7) lib/abstract_controller/base.rb:129:in `process'
actionview (5.2.7) lib/action_view/rendering.rb:32:in `process'
actionpack (5.2.7) lib/action_controller/metal.rb:191:in `dispatch'
actionpack (5.2.7) lib/action_controller/metal.rb:252:in `dispatch'
actionpack (5.2.7) lib/action_dispatch/routing/route_set.rb:52:in `dispatch'
actionpack (5.2.7) lib/action_dispatch/routing/route_set.rb:34:in `serve'
actionpack (5.2.7) lib/action_dispatch/journey/router.rb:52:in `block in serve'
actionpack (5.2.7) lib/action_dispatch/journey/router.rb:35:in `each'
actionpack (5.2.7) lib/action_dispatch/journey/router.rb:35:in `serve'
actionpack (5.2.7) lib/action_dispatch/routing/route_set.rb:840:in `call'
rack (2.2.3) lib/rack/tempfile_reaper.rb:15:in `call'
rack (2.2.3) lib/rack/etag.rb:27:in `call'
rack (2.2.3) lib/rack/conditional_get.rb:27:in `call'
rack (2.2.3) lib/rack/head.rb:12:in `call'
actionpack (5.2.7) lib/action_dispatch/http/content_security_policy.rb:18:in `call'
rack (2.2.3) lib/rack/session/abstract/id.rb:266:in `context'
rack (2.2.3) lib/rack/session/abstract/id.rb:260:in `call'
actionpack (5.2.7) lib/action_dispatch/middleware/cookies.rb:670:in `call'
activerecord (5.2.7) lib/active_record/migration.rb:559:in `call'
actionpack (5.2.7) lib/action_dispatch/middleware/callbacks.rb:28:in `block in call'
activesupport (5.2.7) lib/active_support/callbacks.rb:98:in `run_callbacks'
actionpack (5.2.7) lib/action_dispatch/middleware/callbacks.rb:26:in `call'
actionpack (5.2.7) lib/action_dispatch/middleware/executor.rb:14:in `call'
actionpack (5.2.7) lib/action_dispatch/middleware/debug_exceptions.rb:61:in `call'
web-console (3.7.0) lib/web_console/middleware.rb:135:in `call_app'
web-console (3.7.0) lib/web_console/middleware.rb:30:in `block in call'
web-console (3.7.0) lib/web_console/middleware.rb:20:in `catch'
web-console (3.7.0) lib/web_console/middleware.rb:20:in `call'
actionpack (5.2.7) lib/action_dispatch/middleware/show_exceptions.rb:33:in `call'
railties (5.2.7) lib/rails/rack/logger.rb:38:in `call_app'
railties (5.2.7) lib/rails/rack/logger.rb:26:in `block in call'
activesupport (5.2.7) lib/active_support/tagged_logging.rb:71:in `block in tagged'
activesupport (5.2.7) lib/active_support/tagged_logging.rb:28:in `tagged'
activesupport (5.2.7) lib/active_support/tagged_logging.rb:71:in `tagged'
railties (5.2.7) lib/rails/rack/logger.rb:26:in `call'
sprockets-rails (3.4.2) lib/sprockets/rails/quiet_assets.rb:13:in `call'
actionpack (5.2.7) lib/action_dispatch/middleware/remote_ip.rb:81:in `call'
actionpack (5.2.7) lib/action_dispatch/middleware/request_id.rb:27:in `call'
rack (2.2.3) lib/rack/method_override.rb:24:in `call'
rack (2.2.3) lib/rack/runtime.rb:22:in `call'
activesupport (5.2.7) lib/active_support/cache/strategy/local_cache_middleware.rb:29:in `call'
actionpack (5.2.7) lib/action_dispatch/middleware/executor.rb:14:in `call'
actionpack (5.2.7) lib/action_dispatch/middleware/static.rb:127:in `call'
rack (2.2.3) lib/rack/sendfile.rb:110:in `call'
railties (5.2.7) lib/rails/engine.rb:524:in `call'
puma (3.12.6) lib/puma/configuration.rb:227:in `call'
puma (3.12.6) lib/puma/server.rb:706:in `handle_request'
puma (3.12.6) lib/puma/server.rb:476:in `process_client'
puma (3.12.6) lib/puma/server.rb:334:in `block in run'
puma (3.12.6) lib/puma/thread_pool.rb:135:in `block in spawn_thread'
Started GET "/users" for ::1 at 2022-03-30 14:11:24 -0700
Processing by UsersController#index as */*
No template found for UsersController#index, rendering head :no_content
Completed 204 No Content in 310ms (ActiveRecord: 0.0ms)


Started GET "/users" for ::1 at 2022-03-30 14:12:10 -0700
Processing by UsersController#index as */*
  Rendering text template
  Rendered text template (0.0ms)
Completed 200 OK in 4ms (Views: 3.1ms | ActiveRecord: 0.0ms)


Started GET "/users" for ::1 at 2022-03-30 14:13:39 -0700
Processing by UsersController#index as */*
Completed 500 Internal Server Error in 7ms (ActiveRecord: 0.0ms)


  
NameError (uninitialized constant UsersController::User):
  
app/controllers/users_controller.rb:4:in `index'
Started GET "/users" for ::1 at 2022-03-30 14:15:22 -0700
Processing by UsersController#index as */*
  Rendering text template
  Rendered text template (0.0ms)
Completed 200 OK in 2ms (Views: 1.6ms | ActiveRecord: 0.0ms)


Started GET "/users?fav_food=pizza" for ::1 at 2022-03-30 14:20:26 -0700
Processing by UsersController#index as */*
  Parameters: {"fav_food"=>"pizza"}
  Rendering text template
  Rendered text template (0.0ms)
Completed 200 OK in 2ms (Views: 1.1ms | ActiveRecord: 0.0ms)


Started GET "//users?admin=true" for ::1 at 2022-03-30 14:21:07 -0700
Processing by UsersController#index as */*
  Parameters: {"admin"=>"true"}
  Rendering text template
  Rendered text template (0.1ms)
Completed 200 OK in 1ms (Views: 0.8ms | ActiveRecord: 0.0ms)


Started POST "/users/" for ::1 at 2022-03-30 14:24:58 -0700
  
AbstractController::ActionNotFound (The action 'create' could not be found for UsersController):
  
actionpack (5.2.7) lib/abstract_controller/base.rb:129:in `process'
actionview (5.2.7) lib/action_view/rendering.rb:32:in `process'
actionpack (5.2.7) lib/action_controller/metal.rb:191:in `dispatch'
actionpack (5.2.7) lib/action_controller/metal.rb:252:in `dispatch'
actionpack (5.2.7) lib/action_dispatch/routing/route_set.rb:52:in `dispatch'
actionpack (5.2.7) lib/action_dispatch/routing/route_set.rb:34:in `serve'
actionpack (5.2.7) lib/action_dispatch/journey/router.rb:52:in `block in serve'
actionpack (5.2.7) lib/action_dispatch/journey/router.rb:35:in `each'
actionpack (5.2.7) lib/action_dispatch/journey/router.rb:35:in `serve'
actionpack (5.2.7) lib/action_dispatch/routing/route_set.rb:840:in `call'
rack (2.2.3) lib/rack/tempfile_reaper.rb:15:in `call'
rack (2.2.3) lib/rack/etag.rb:27:in `call'
rack (2.2.3) lib/rack/conditional_get.rb:40:in `call'
rack (2.2.3) lib/rack/head.rb:12:in `call'
actionpack (5.2.7) lib/action_dispatch/http/content_security_policy.rb:18:in `call'
rack (2.2.3) lib/rack/session/abstract/id.rb:266:in `context'
rack (2.2.3) lib/rack/session/abstract/id.rb:260:in `call'
actionpack (5.2.7) lib/action_dispatch/middleware/cookies.rb:670:in `call'
activerecord (5.2.7) lib/active_record/migration.rb:559:in `call'
actionpack (5.2.7) lib/action_dispatch/middleware/callbacks.rb:28:in `block in call'
activesupport (5.2.7) lib/active_support/callbacks.rb:98:in `run_callbacks'
actionpack (5.2.7) lib/action_dispatch/middleware/callbacks.rb:26:in `call'
actionpack (5.2.7) lib/action_dispatch/middleware/executor.rb:14:in `call'
actionpack (5.2.7) lib/action_dispatch/middleware/debug_exceptions.rb:61:in `call'
web-console (3.7.0) lib/web_console/middleware.rb:135:in `call_app'
web-console (3.7.0) lib/web_console/middleware.rb:30:in `block in call'
web-console (3.7.0) lib/web_console/middleware.rb:20:in `catch'
web-console (3.7.0) lib/web_console/middleware.rb:20:in `call'
actionpack (5.2.7) lib/action_dispatch/middleware/show_exceptions.rb:33:in `call'
railties (5.2.7) lib/rails/rack/logger.rb:38:in `call_app'
railties (5.2.7) lib/rails/rack/logger.rb:26:in `block in call'
activesupport (5.2.7) lib/active_support/tagged_logging.rb:71:in `block in tagged'
activesupport (5.2.7) lib/active_support/tagged_logging.rb:28:in `tagged'
activesupport (5.2.7) lib/active_support/tagged_logging.rb:71:in `tagged'
railties (5.2.7) lib/rails/rack/logger.rb:26:in `call'
sprockets-rails (3.4.2) lib/sprockets/rails/quiet_assets.rb:13:in `call'
actionpack (5.2.7) lib/action_dispatch/middleware/remote_ip.rb:81:in `call'
actionpack (5.2.7) lib/action_dispatch/middleware/request_id.rb:27:in `call'
rack (2.2.3) lib/rack/method_override.rb:24:in `call'
rack (2.2.3) lib/rack/runtime.rb:22:in `call'
activesupport (5.2.7) lib/active_support/cache/strategy/local_cache_middleware.rb:29:in `call'
actionpack (5.2.7) lib/action_dispatch/middleware/executor.rb:14:in `call'
actionpack (5.2.7) lib/action_dispatch/middleware/static.rb:127:in `call'
rack (2.2.3) lib/rack/sendfile.rb:110:in `call'
railties (5.2.7) lib/rails/engine.rb:524:in `call'
puma (3.12.6) lib/puma/configuration.rb:227:in `call'
puma (3.12.6) lib/puma/server.rb:706:in `handle_request'
puma (3.12.6) lib/puma/server.rb:476:in `process_client'
puma (3.12.6) lib/puma/server.rb:334:in `block in run'
puma (3.12.6) lib/puma/thread_pool.rb:135:in `block in spawn_thread'
Started POST "/users/" for ::1 at 2022-03-30 14:25:59 -0700
Processing by UsersController#create as */*
  Parameters: {"nerds"=>"albert einstien\n"}
Completed 200 OK in 1ms (Views: 0.3ms | ActiveRecord: 0.0ms)


Started POST "/users/" for ::1 at 2022-03-30 14:26:08 -0700
Processing by UsersController#create as */*
  Parameters: {"nerds"=>"albert einstien"}
Completed 200 OK in 1ms (Views: 0.2ms | ActiveRecord: 0.0ms)


Started GET "/users/2" for ::1 at 2022-03-30 14:27:48 -0700
  
AbstractController::ActionNotFound (The action 'show' could not be found for UsersController):
  
actionpack (5.2.7) lib/abstract_controller/base.rb:129:in `process'
actionview (5.2.7) lib/action_view/rendering.rb:32:in `process'
actionpack (5.2.7) lib/action_controller/metal.rb:191:in `dispatch'
actionpack (5.2.7) lib/action_controller/metal.rb:252:in `dispatch'
actionpack (5.2.7) lib/action_dispatch/routing/route_set.rb:52:in `dispatch'
actionpack (5.2.7) lib/action_dispatch/routing/route_set.rb:34:in `serve'
actionpack (5.2.7) lib/action_dispatch/journey/router.rb:52:in `block in serve'
actionpack (5.2.7) lib/action_dispatch/journey/router.rb:35:in `each'
actionpack (5.2.7) lib/action_dispatch/journey/router.rb:35:in `serve'
actionpack (5.2.7) lib/action_dispatch/routing/route_set.rb:840:in `call'
rack (2.2.3) lib/rack/tempfile_reaper.rb:15:in `call'
rack (2.2.3) lib/rack/etag.rb:27:in `call'
rack (2.2.3) lib/rack/conditional_get.rb:27:in `call'
rack (2.2.3) lib/rack/head.rb:12:in `call'
actionpack (5.2.7) lib/action_dispatch/http/content_security_policy.rb:18:in `call'
rack (2.2.3) lib/rack/session/abstract/id.rb:266:in `context'
rack (2.2.3) lib/rack/session/abstract/id.rb:260:in `call'
actionpack (5.2.7) lib/action_dispatch/middleware/cookies.rb:670:in `call'
activerecord (5.2.7) lib/active_record/migration.rb:559:in `call'
actionpack (5.2.7) lib/action_dispatch/middleware/callbacks.rb:28:in `block in call'
activesupport (5.2.7) lib/active_support/callbacks.rb:98:in `run_callbacks'
actionpack (5.2.7) lib/action_dispatch/middleware/callbacks.rb:26:in `call'
actionpack (5.2.7) lib/action_dispatch/middleware/executor.rb:14:in `call'
actionpack (5.2.7) lib/action_dispatch/middleware/debug_exceptions.rb:61:in `call'
web-console (3.7.0) lib/web_console/middleware.rb:135:in `call_app'
web-console (3.7.0) lib/web_console/middleware.rb:30:in `block in call'
web-console (3.7.0) lib/web_console/middleware.rb:20:in `catch'
web-console (3.7.0) lib/web_console/middleware.rb:20:in `call'
actionpack (5.2.7) lib/action_dispatch/middleware/show_exceptions.rb:33:in `call'
railties (5.2.7) lib/rails/rack/logger.rb:38:in `call_app'
railties (5.2.7) lib/rails/rack/logger.rb:26:in `block in call'
activesupport (5.2.7) lib/active_support/tagged_logging.rb:71:in `block in tagged'
activesupport (5.2.7) lib/active_support/tagged_logging.rb:28:in `tagged'
activesupport (5.2.7) lib/active_support/tagged_logging.rb:71:in `tagged'
railties (5.2.7) lib/rails/rack/logger.rb:26:in `call'
sprockets-rails (3.4.2) lib/sprockets/rails/quiet_assets.rb:13:in `call'
actionpack (5.2.7) lib/action_dispatch/middleware/remote_ip.rb:81:in `call'
actionpack (5.2.7) lib/action_dispatch/middleware/request_id.rb:27:in `call'
rack (2.2.3) lib/rack/method_override.rb:24:in `call'
rack (2.2.3) lib/rack/runtime.rb:22:in `call'
activesupport (5.2.7) lib/active_support/cache/strategy/local_cache_middleware.rb:29:in `call'
actionpack (5.2.7) lib/action_dispatch/middleware/executor.rb:14:in `call'
actionpack (5.2.7) lib/action_dispatch/middleware/static.rb:127:in `call'
rack (2.2.3) lib/rack/sendfile.rb:110:in `call'
railties (5.2.7) lib/rails/engine.rb:524:in `call'
puma (3.12.6) lib/puma/configuration.rb:227:in `call'
puma (3.12.6) lib/puma/server.rb:706:in `handle_request'
puma (3.12.6) lib/puma/server.rb:476:in `process_client'
puma (3.12.6) lib/puma/server.rb:334:in `block in run'
puma (3.12.6) lib/puma/thread_pool.rb:135:in `block in spawn_thread'
Started GET "/users/2" for ::1 at 2022-03-30 14:28:48 -0700
Processing by UsersController#show as */*
  Parameters: {"id"=>"2"}
  Rendering text template
  Rendered text template (0.1ms)
Completed 200 OK in 1ms (Views: 0.9ms | ActiveRecord: 0.0ms)


Started GET "/users/2" for ::1 at 2022-03-30 14:29:26 -0700
Processing by UsersController#show as */*
  Parameters: {"id"=>"2"}
  Rendering text template
  Rendered text template (0.0ms)
Completed 200 OK in 2ms (Views: 1.2ms | ActiveRecord: 0.0ms)


Started POST "/users/" for ::1 at 2022-03-30 14:33:18 -0700
Processing by UsersController#create as */*
Completed 200 OK in 1ms (Views: 0.4ms | ActiveRecord: 0.0ms)


Started POST "/users/" for ::1 at 2022-03-30 14:34:04 -0700
Processing by UsersController#create as */*
Completed 200 OK in 1ms (Views: 0.4ms | ActiveRecord: 0.0ms)


Started POST "/users/" for ::1 at 2022-03-30 14:35:43 -0700
Processing by UsersController#create as */*
Completed 200 OK in 0ms (Views: 0.2ms | ActiveRecord: 0.0ms)


Started POST "/users/" for ::1 at 2022-03-30 14:36:30 -0700
Processing by UsersController#create as */*
  Parameters: {"some_catagory"=>{"a_key"=>"'value'"}}
Completed 200 OK in 1ms (Views: 0.4ms | ActiveRecord: 0.0ms)


Started POST "/users/" for ::1 at 2022-03-30 14:38:26 -0700
Processing by UsersController#create as */*
  Parameters: {"some_catagory"=>{"a_key"=>"value ", "another_key"=>"big_value"}}
Completed 200 OK in 1ms (Views: 0.4ms | ActiveRecord: 0.0ms)


Started POST "/users/" for ::1 at 2022-03-30 14:39:26 -0700
  
Rack::QueryParser::ParameterTypeError (expected Hash (got String) for param `a_key'):
  
rack (2.2.3) lib/rack/query_parser.rb:117:in `normalize_params'
rack (2.2.3) lib/rack/query_parser.rb:118:in `normalize_params'
rack (2.2.3) lib/rack/multipart/parser.rb:195:in `block (2 levels) in result'
rack (2.2.3) lib/rack/multipart/parser.rb:104:in `get_data'
rack (2.2.3) lib/rack/multipart/parser.rb:193:in `block in result'
rack (2.2.3) lib/rack/multipart/parser.rb:127:in `block in each'
rack (2.2.3) lib/rack/multipart/parser.rb:127:in `each'
rack (2.2.3) lib/rack/multipart/parser.rb:127:in `each'
rack (2.2.3) lib/rack/multipart/parser.rb:192:in `result'
rack (2.2.3) lib/rack/multipart/parser.rb:81:in `parse'
rack (2.2.3) lib/rack/multipart.rb:54:in `extract_multipart'
rack (2.2.3) lib/rack/request.rb:594:in `parse_multipart'
rack (2.2.3) lib/rack/request.rb:446:in `POST'
actionpack (5.2.7) lib/action_dispatch/http/request.rb:382:in `block (2 levels) in POST'
actionpack (5.2.7) lib/action_dispatch/http/parameters.rb:109:in `block in parse_formatted_parameters'
actionpack (5.2.7) lib/action_dispatch/http/parameters.rb:109:in `fetch'
actionpack (5.2.7) lib/action_dispatch/http/parameters.rb:109:in `parse_formatted_parameters'
actionpack (5.2.7) lib/action_dispatch/http/request.rb:381:in `block in POST'
rack (2.2.3) lib/rack/request.rb:69:in `fetch'
rack (2.2.3) lib/rack/request.rb:69:in `fetch_header'
actionpack (5.2.7) lib/action_dispatch/http/request.rb:380:in `POST'
actionpack (5.2.7) lib/action_dispatch/http/parameters.rb:55:in `parameters'
actionpack (5.2.7) lib/action_dispatch/http/filter_parameters.rb:43:in `filtered_parameters'
actionpack (5.2.7) lib/action_controller/metal/instrumentation.rb:23:in `process_action'
actionpack (5.2.7) lib/action_controller/metal/params_wrapper.rb:256:in `process_action'
activerecord (5.2.7) lib/active_record/railties/controller_runtime.rb:24:in `process_action'
actionpack (5.2.7) lib/abstract_controller/base.rb:134:in `process'
actionview (5.2.7) lib/action_view/rendering.rb:32:in `process'
actionpack (5.2.7) lib/action_controller/metal.rb:191:in `dispatch'
actionpack (5.2.7) lib/action_controller/metal.rb:252:in `dispatch'
actionpack (5.2.7) lib/action_dispatch/routing/route_set.rb:52:in `dispatch'
actionpack (5.2.7) lib/action_dispatch/routing/route_set.rb:34:in `serve'
actionpack (5.2.7) lib/action_dispatch/journey/router.rb:52:in `block in serve'
actionpack (5.2.7) lib/action_dispatch/journey/router.rb:35:in `each'
actionpack (5.2.7) lib/action_dispatch/journey/router.rb:35:in `serve'
actionpack (5.2.7) lib/action_dispatch/routing/route_set.rb:840:in `call'
rack (2.2.3) lib/rack/tempfile_reaper.rb:15:in `call'
rack (2.2.3) lib/rack/etag.rb:27:in `call'
rack (2.2.3) lib/rack/conditional_get.rb:40:in `call'
rack (2.2.3) lib/rack/head.rb:12:in `call'
actionpack (5.2.7) lib/action_dispatch/http/content_security_policy.rb:18:in `call'
rack (2.2.3) lib/rack/session/abstract/id.rb:266:in `context'
rack (2.2.3) lib/rack/session/abstract/id.rb:260:in `call'
actionpack (5.2.7) lib/action_dispatch/middleware/cookies.rb:670:in `call'
activerecord (5.2.7) lib/active_record/migration.rb:559:in `call'
actionpack (5.2.7) lib/action_dispatch/middleware/callbacks.rb:28:in `block in call'
activesupport (5.2.7) lib/active_support/callbacks.rb:98:in `run_callbacks'
actionpack (5.2.7) lib/action_dispatch/middleware/callbacks.rb:26:in `call'
actionpack (5.2.7) lib/action_dispatch/middleware/executor.rb:14:in `call'
actionpack (5.2.7) lib/action_dispatch/middleware/debug_exceptions.rb:61:in `call'
web-console (3.7.0) lib/web_console/middleware.rb:135:in `call_app'
web-console (3.7.0) lib/web_console/middleware.rb:30:in `block in call'
web-console (3.7.0) lib/web_console/middleware.rb:20:in `catch'
web-console (3.7.0) lib/web_console/middleware.rb:20:in `call'
actionpack (5.2.7) lib/action_dispatch/middleware/show_exceptions.rb:33:in `call'
railties (5.2.7) lib/rails/rack/logger.rb:38:in `call_app'
railties (5.2.7) lib/rails/rack/logger.rb:26:in `block in call'
activesupport (5.2.7) lib/active_support/tagged_logging.rb:71:in `block in tagged'
activesupport (5.2.7) lib/active_support/tagged_logging.rb:28:in `tagged'
activesupport (5.2.7) lib/active_support/tagged_logging.rb:71:in `tagged'
railties (5.2.7) lib/rails/rack/logger.rb:26:in `call'
sprockets-rails (3.4.2) lib/sprockets/rails/quiet_assets.rb:13:in `call'
actionpack (5.2.7) lib/action_dispatch/middleware/remote_ip.rb:81:in `call'
actionpack (5.2.7) lib/action_dispatch/middleware/request_id.rb:27:in `call'
rack (2.2.3) lib/rack/method_override.rb:24:in `call'
rack (2.2.3) lib/rack/runtime.rb:22:in `call'
activesupport (5.2.7) lib/active_support/cache/strategy/local_cache_middleware.rb:29:in `call'
actionpack (5.2.7) lib/action_dispatch/middleware/executor.rb:14:in `call'
actionpack (5.2.7) lib/action_dispatch/middleware/static.rb:127:in `call'
rack (2.2.3) lib/rack/sendfile.rb:110:in `call'
railties (5.2.7) lib/rails/engine.rb:524:in `call'
puma (3.12.6) lib/puma/configuration.rb:227:in `call'
puma (3.12.6) lib/puma/server.rb:706:in `handle_request'
puma (3.12.6) lib/puma/server.rb:476:in `process_client'
puma (3.12.6) lib/puma/server.rb:334:in `block in run'
puma (3.12.6) lib/puma/thread_pool.rb:135:in `block in spawn_thread'
Started POST "/users/" for ::1 at 2022-03-30 14:39:57 -0700
Processing by UsersController#create as */*
  Parameters: {"some_catagory"=>{"a_key"=>"value ", "another_key"=>"big_value"}, "text/plain"=>[""]}
Completed 200 OK in 0ms (Views: 0.2ms | ActiveRecord: 0.0ms)


Started POST "/users/" for ::1 at 2022-03-30 14:40:29 -0700
  
Rack::QueryParser::ParameterTypeError (expected Hash (got String) for param `a_key'):
  
rack (2.2.3) lib/rack/query_parser.rb:117:in `normalize_params'
rack (2.2.3) lib/rack/query_parser.rb:118:in `normalize_params'
rack (2.2.3) lib/rack/multipart/parser.rb:195:in `block (2 levels) in result'
rack (2.2.3) lib/rack/multipart/parser.rb:104:in `get_data'
rack (2.2.3) lib/rack/multipart/parser.rb:193:in `block in result'
rack (2.2.3) lib/rack/multipart/parser.rb:127:in `block in each'
rack (2.2.3) lib/rack/multipart/parser.rb:127:in `each'
rack (2.2.3) lib/rack/multipart/parser.rb:127:in `each'
rack (2.2.3) lib/rack/multipart/parser.rb:192:in `result'
rack (2.2.3) lib/rack/multipart/parser.rb:81:in `parse'
rack (2.2.3) lib/rack/multipart.rb:54:in `extract_multipart'
rack (2.2.3) lib/rack/request.rb:594:in `parse_multipart'
rack (2.2.3) lib/rack/request.rb:446:in `POST'
actionpack (5.2.7) lib/action_dispatch/http/request.rb:382:in `block (2 levels) in POST'
actionpack (5.2.7) lib/action_dispatch/http/parameters.rb:109:in `block in parse_formatted_parameters'
actionpack (5.2.7) lib/action_dispatch/http/parameters.rb:109:in `fetch'
actionpack (5.2.7) lib/action_dispatch/http/parameters.rb:109:in `parse_formatted_parameters'
actionpack (5.2.7) lib/action_dispatch/http/request.rb:381:in `block in POST'
rack (2.2.3) lib/rack/request.rb:69:in `fetch'
rack (2.2.3) lib/rack/request.rb:69:in `fetch_header'
actionpack (5.2.7) lib/action_dispatch/http/request.rb:380:in `POST'
actionpack (5.2.7) lib/action_dispatch/http/parameters.rb:55:in `parameters'
actionpack (5.2.7) lib/action_dispatch/http/filter_parameters.rb:43:in `filtered_parameters'
actionpack (5.2.7) lib/action_controller/metal/instrumentation.rb:23:in `process_action'
actionpack (5.2.7) lib/action_controller/metal/params_wrapper.rb:256:in `process_action'
activerecord (5.2.7) lib/active_record/railties/controller_runtime.rb:24:in `process_action'
actionpack (5.2.7) lib/abstract_controller/base.rb:134:in `process'
actionview (5.2.7) lib/action_view/rendering.rb:32:in `process'
actionpack (5.2.7) lib/action_controller/metal.rb:191:in `dispatch'
actionpack (5.2.7) lib/action_controller/metal.rb:252:in `dispatch'
actionpack (5.2.7) lib/action_dispatch/routing/route_set.rb:52:in `dispatch'
actionpack (5.2.7) lib/action_dispatch/routing/route_set.rb:34:in `serve'
actionpack (5.2.7) lib/action_dispatch/journey/router.rb:52:in `block in serve'
actionpack (5.2.7) lib/action_dispatch/journey/router.rb:35:in `each'
actionpack (5.2.7) lib/action_dispatch/journey/router.rb:35:in `serve'
actionpack (5.2.7) lib/action_dispatch/routing/route_set.rb:840:in `call'
rack (2.2.3) lib/rack/tempfile_reaper.rb:15:in `call'
rack (2.2.3) lib/rack/etag.rb:27:in `call'
rack (2.2.3) lib/rack/conditional_get.rb:40:in `call'
rack (2.2.3) lib/rack/head.rb:12:in `call'
actionpack (5.2.7) lib/action_dispatch/http/content_security_policy.rb:18:in `call'
rack (2.2.3) lib/rack/session/abstract/id.rb:266:in `context'
rack (2.2.3) lib/rack/session/abstract/id.rb:260:in `call'
actionpack (5.2.7) lib/action_dispatch/middleware/cookies.rb:670:in `call'
activerecord (5.2.7) lib/active_record/migration.rb:559:in `call'
actionpack (5.2.7) lib/action_dispatch/middleware/callbacks.rb:28:in `block in call'
activesupport (5.2.7) lib/active_support/callbacks.rb:98:in `run_callbacks'
actionpack (5.2.7) lib/action_dispatch/middleware/callbacks.rb:26:in `call'
actionpack (5.2.7) lib/action_dispatch/middleware/executor.rb:14:in `call'
actionpack (5.2.7) lib/action_dispatch/middleware/debug_exceptions.rb:61:in `call'
web-console (3.7.0) lib/web_console/middleware.rb:135:in `call_app'
web-console (3.7.0) lib/web_console/middleware.rb:30:in `block in call'
web-console (3.7.0) lib/web_console/middleware.rb:20:in `catch'
web-console (3.7.0) lib/web_console/middleware.rb:20:in `call'
actionpack (5.2.7) lib/action_dispatch/middleware/show_exceptions.rb:33:in `call'
railties (5.2.7) lib/rails/rack/logger.rb:38:in `call_app'
railties (5.2.7) lib/rails/rack/logger.rb:26:in `block in call'
activesupport (5.2.7) lib/active_support/tagged_logging.rb:71:in `block in tagged'
activesupport (5.2.7) lib/active_support/tagged_logging.rb:28:in `tagged'
activesupport (5.2.7) lib/active_support/tagged_logging.rb:71:in `tagged'
railties (5.2.7) lib/rails/rack/logger.rb:26:in `call'
sprockets-rails (3.4.2) lib/sprockets/rails/quiet_assets.rb:13:in `call'
actionpack (5.2.7) lib/action_dispatch/middleware/remote_ip.rb:81:in `call'
actionpack (5.2.7) lib/action_dispatch/middleware/request_id.rb:27:in `call'
rack (2.2.3) lib/rack/method_override.rb:24:in `call'
rack (2.2.3) lib/rack/runtime.rb:22:in `call'
activesupport (5.2.7) lib/active_support/cache/strategy/local_cache_middleware.rb:29:in `call'
actionpack (5.2.7) lib/action_dispatch/middleware/executor.rb:14:in `call'
actionpack (5.2.7) lib/action_dispatch/middleware/static.rb:127:in `call'
rack (2.2.3) lib/rack/sendfile.rb:110:in `call'
railties (5.2.7) lib/rails/engine.rb:524:in `call'
puma (3.12.6) lib/puma/configuration.rb:227:in `call'
puma (3.12.6) lib/puma/server.rb:706:in `handle_request'
puma (3.12.6) lib/puma/server.rb:476:in `process_client'
puma (3.12.6) lib/puma/server.rb:334:in `block in run'
puma (3.12.6) lib/puma/thread_pool.rb:135:in `block in spawn_thread'
Started POST "/users/" for ::1 at 2022-03-30 14:41:08 -0700
Processing by UsersController#create as */*
  Parameters: {"some_catagory"=>{"a_key"=>"a[2] = c", "another_key"=>"big_value"}}
Completed 200 OK in 1ms (Views: 0.4ms | ActiveRecord: 0.0ms)


Started POST "/users/" for ::1 at 2022-03-30 14:42:11 -0700
Processing by UsersController#create as */*
  Parameters: {"some_category"=>{"a_key"=>{"b_key"=>"inner inner hash "}}, "some_catagory"=>{"another_key"=>"big_value"}}
Completed 200 OK in 1ms (Views: 0.4ms | ActiveRecord: 0.0ms)


Started POST "/users/" for ::1 at 2022-03-30 14:42:28 -0700
Processing by UsersController#create as */*
  Parameters: {"some_category"=>{"a_key"=>{"b_key"=>"inner inner hash "}}, "some_catagory"=>{"another_key"=>"big_value", "a_key"=>"mid- vall"}}
Completed 200 OK in 3ms (Views: 1.9ms | ActiveRecord: 0.0ms)


Started POST "/users/" for ::1 at 2022-03-30 14:42:53 -0700
Processing by UsersController#create as */*
  Parameters: {"some_category"=>{"a_key"=>{"b_key"=>"inner inner hash "}}, "some_catagory"=>{"a_key"=>"mid- vall"}}
Completed 200 OK in 1ms (Views: 0.4ms | ActiveRecord: 0.0ms)


Started POST "/users/" for ::1 at 2022-03-30 14:43:14 -0700
Processing by UsersController#create as */*
  Parameters: {"some_category"=>{"a_key"=>"big_value"}, "some_catagory"=>{"a_key"=>"mid- vall"}}
Completed 200 OK in 1ms (Views: 0.4ms | ActiveRecord: 0.0ms)


Started POST "/users/" for ::1 at 2022-03-30 14:43:24 -0700
Processing by UsersController#create as */*
  Parameters: {"some_category"=>{"a_key"=>"mid- vall"}}
Completed 200 OK in 2ms (Views: 0.4ms | ActiveRecord: 0.0ms)


Started POST "/users/" for ::1 at 2022-03-30 14:43:46 -0700
Processing by UsersController#create as */*
  Parameters: {"some_category"=>{"a_key"=>{"b_key"=>"inner inner hash "}}}
Completed 200 OK in 1ms (Views: 0.6ms | ActiveRecord: 0.0ms)


Started POST "/users/" for ::1 at 2022-03-30 14:44:14 -0700
Processing by UsersController#create as */*
Completed 200 OK in 6ms (Views: 0.2ms | ActiveRecord: 0.0ms)


Started POST "/users/" for ::1 at 2022-03-30 14:44:20 -0700
Processing by UsersController#create as */*
Completed 200 OK in 1ms (Views: 0.6ms | ActiveRecord: 0.0ms)


Started POST "/users/" for ::1 at 2022-03-30 14:44:47 -0700
Processing by UsersController#create as */*
  Rendering text template
  Rendered text template (0.0ms)
Completed 200 OK in 1ms (Views: 0.8ms | ActiveRecord: 0.0ms)


Started POST "/users/?same_category[a_key][b_key]=pizza%20and%20pineapple" for ::1 at 2022-03-30 14:46:07 -0700
Processing by UsersController#create as */*
  Parameters: {"same_category"=>{"a_key"=>{"b_key"=>"pizza and pineapple"}}}
Completed 200 OK in 1ms (Views: 0.3ms | ActiveRecord: 0.0ms)


  [1m[35m (47.2ms)[0m  [1m[35mCREATE TABLE "schema_migrations" ("version" character varying NOT NULL PRIMARY KEY)[0m
  ↳ bin/rails:9
  [1m[35m (24.4ms)[0m  [1m[35mCREATE TABLE "ar_internal_metadata" ("key" character varying NOT NULL PRIMARY KEY, "value" character varying, "created_at" timestamp NOT NULL, "updated_at" timestamp NOT NULL)[0m
  ↳ bin/rails:9
  [1m[35m (0.2ms)[0m  [1m[34mSELECT pg_try_advisory_lock(8170507368831508575)[0m
  ↳ bin/rails:9
  [1m[35m (0.7ms)[0m  [1m[34mSELECT "schema_migrations"."version" FROM "schema_migrations" ORDER BY "schema_migrations"."version" ASC[0m
  ↳ bin/rails:9
Migrating to CreateUser (20220330214926)
  [1m[35m (0.2ms)[0m  [1m[35mBEGIN[0m
  ↳ bin/rails:9
  [1m[35m (30.9ms)[0m  [1m[35mCREATE TABLE "users" ("id" bigserial primary key)[0m
  ↳ db/migrate/20220330214926_create_user.rb:3
  [1m[36mActiveRecord::SchemaMigration Create (1.0ms)[0m  [1m[32mINSERT INTO "schema_migrations" ("version") VALUES ($1) RETURNING "version"[0m  [["version", "20220330214926"]]
  ↳ bin/rails:9
  [1m[35m (0.6ms)[0m  [1m[35mCOMMIT[0m
  ↳ bin/rails:9
Migrating to CreateUsers (20220330214931)
  [1m[35m (0.4ms)[0m  [1m[35mBEGIN[0m
  ↳ bin/rails:9
  [1m[35m (12.4ms)[0m  [1m[35mCREATE TABLE "users" ("id" bigserial primary key, "users" character varying NOT NULL, "name" character varying NOT NULL, "email" character varying NOT NULL)[0m
  ↳ db/migrate/20220330214931_create_users.rb:3
  [1m[35m (0.4ms)[0m  [1m[31mROLLBACK[0m
  ↳ bin/rails:9
  [1m[35m (0.3ms)[0m  [1m[34mSELECT pg_advisory_unlock(8170507368831508575)[0m
  ↳ bin/rails:9
  [1m[35m (1.3ms)[0m  [1m[34mSELECT "schema_migrations"."version" FROM "schema_migrations" ORDER BY "schema_migrations"."version" ASC[0m
  ↳ bin/rails:9
  [1m[35m (1.0ms)[0m  [1m[35mCREATE DATABASE "routes_practice_development" ENCODING = 'unicode'[0m
  ↳ bin/rails:9
  [1m[35m (0.6ms)[0m  [1m[35mCREATE DATABASE "routes_practice_test" ENCODING = 'unicode'[0m
  ↳ bin/rails:9
  [1m[35m (0.7ms)[0m  [1m[34mSELECT "schema_migrations"."version" FROM "schema_migrations" ORDER BY "schema_migrations"."version" ASC[0m
  ↳ bin/rails:9
  [1m[35m (0.2ms)[0m  [1m[34mSELECT "schema_migrations"."version" FROM "schema_migrations" ORDER BY "schema_migrations"."version" ASC[0m
  ↳ bin/rails:9
  [1m[35m (0.3ms)[0m  [1m[34mSELECT "schema_migrations"."version" FROM "schema_migrations" ORDER BY "schema_migrations"."version" ASC[0m
  ↳ bin/rails:9
  [1m[35m (0.2ms)[0m  [1m[34mSELECT pg_try_advisory_lock(8170507368831508575)[0m
  ↳ bin/rails:9
  [1m[35m (0.2ms)[0m  [1m[34mSELECT "schema_migrations"."version" FROM "schema_migrations" ORDER BY "schema_migrations"."version" ASC[0m
  ↳ bin/rails:9
Migrating to CreateUser (20220330214926)
  [1m[35m (0.2ms)[0m  [1m[35mBEGIN[0m
  ↳ bin/rails:9
  [1m[35m (20.7ms)[0m  [1m[35mDROP TABLE "users"[0m
  ↳ bin/rails:9
  [1m[36mActiveRecord::SchemaMigration Destroy (2.3ms)[0m  [1m[31mDELETE FROM "schema_migrations" WHERE "schema_migrations"."version" = $1[0m  [["version", "20220330214926"]]
  ↳ bin/rails:9
  [1m[35m (7.7ms)[0m  [1m[35mCOMMIT[0m
  ↳ bin/rails:9
  [1m[35m (0.5ms)[0m  [1m[34mSELECT pg_advisory_unlock(8170507368831508575)[0m
  ↳ bin/rails:9
  [1m[35m (0.3ms)[0m  [1m[34mSELECT "schema_migrations"."version" FROM "schema_migrations" ORDER BY "schema_migrations"."version" ASC[0m
  ↳ bin/rails:9
  [1m[35m (2.2ms)[0m  [1m[34mSELECT "schema_migrations"."version" FROM "schema_migrations" ORDER BY "schema_migrations"."version" ASC[0m
  ↳ bin/rails:9
  [1m[35m (0.2ms)[0m  [1m[34mSELECT pg_try_advisory_lock(8170507368831508575)[0m
  ↳ bin/rails:9
  [1m[35m (0.6ms)[0m  [1m[34mSELECT "schema_migrations"."version" FROM "schema_migrations" ORDER BY "schema_migrations"."version" ASC[0m
  ↳ bin/rails:9
Migrating to CreateUser (20220330214926)
  [1m[35m (0.2ms)[0m  [1m[35mBEGIN[0m
  ↳ bin/rails:9
  [1m[35m (8.4ms)[0m  [1m[35mCREATE TABLE "users" ("id" bigserial primary key)[0m
  ↳ db/migrate/20220330214926_create_user.rb:3
  [1m[36mActiveRecord::SchemaMigration Create (0.8ms)[0m  [1m[32mINSERT INTO "schema_migrations" ("version") VALUES ($1) RETURNING "version"[0m  [["version", "20220330214926"]]
  ↳ bin/rails:9
  [1m[35m (0.8ms)[0m  [1m[35mCOMMIT[0m
  ↳ bin/rails:9
Migrating to CreateUsers (20220330214931)
  [1m[35m (5.9ms)[0m  [1m[35mBEGIN[0m
  ↳ bin/rails:9
  [1m[35m (16.9ms)[0m  [1m[35mCREATE TABLE "users" ("id" bigserial primary key, "users" character varying NOT NULL, "name" character varying NOT NULL, "email" character varying NOT NULL)[0m
  ↳ db/migrate/20220330214931_create_users.rb:3
  [1m[35m (0.4ms)[0m  [1m[31mROLLBACK[0m
  ↳ bin/rails:9
  [1m[35m (0.7ms)[0m  [1m[34mSELECT pg_advisory_unlock(8170507368831508575)[0m
  ↳ bin/rails:9
  [1m[35m (0.7ms)[0m  [1m[34mSELECT "schema_migrations"."version" FROM "schema_migrations" ORDER BY "schema_migrations"."version" ASC[0m
  ↳ bin/rails:9
  [1m[35m (0.3ms)[0m  [1m[34mSELECT "schema_migrations"."version" FROM "schema_migrations" ORDER BY "schema_migrations"."version" ASC[0m
  ↳ bin/rails:9
  [1m[35m (0.2ms)[0m  [1m[34mSELECT "schema_migrations"."version" FROM "schema_migrations" ORDER BY "schema_migrations"."version" ASC[0m
  ↳ bin/rails:9
  [1m[35m (0.2ms)[0m  [1m[34mSELECT pg_try_advisory_lock(8170507368831508575)[0m
  ↳ bin/rails:9
  [1m[35m (0.2ms)[0m  [1m[34mSELECT "schema_migrations"."version" FROM "schema_migrations" ORDER BY "schema_migrations"."version" ASC[0m
  ↳ bin/rails:9
Migrating to CreateUser (20220330214926)
  [1m[35m (0.2ms)[0m  [1m[35mBEGIN[0m
  ↳ bin/rails:9
  [1m[35m (7.0ms)[0m  [1m[35mDROP TABLE "users"[0m
  ↳ bin/rails:9
  [1m[36mActiveRecord::SchemaMigration Destroy (0.7ms)[0m  [1m[31mDELETE FROM "schema_migrations" WHERE "schema_migrations"."version" = $1[0m  [["version", "20220330214926"]]
  ↳ bin/rails:9
  [1m[35m (18.9ms)[0m  [1m[35mCOMMIT[0m
  ↳ bin/rails:9
  [1m[35m (0.3ms)[0m  [1m[34mSELECT pg_advisory_unlock(8170507368831508575)[0m
  ↳ bin/rails:9
  [1m[35m (0.6ms)[0m  [1m[34mSELECT "schema_migrations"."version" FROM "schema_migrations" ORDER BY "schema_migrations"."version" ASC[0m
  ↳ bin/rails:9
  [1m[35m (0.9ms)[0m  [1m[34mSELECT "schema_migrations"."version" FROM "schema_migrations" ORDER BY "schema_migrations"."version" ASC[0m
  ↳ bin/rails:9
  [1m[35m (0.2ms)[0m  [1m[34mSELECT pg_try_advisory_lock(8170507368831508575)[0m
  ↳ bin/rails:9
  [1m[35m (0.7ms)[0m  [1m[34mSELECT "schema_migrations"."version" FROM "schema_migrations" ORDER BY "schema_migrations"."version" ASC[0m
  ↳ bin/rails:9
Migrating to CreateUser (20220330214926)
  [1m[35m (0.2ms)[0m  [1m[35mBEGIN[0m
  ↳ bin/rails:9
  [1m[35m (10.6ms)[0m  [1m[35mCREATE TABLE "users" ("id" bigserial primary key, "users" character varying NOT NULL, "name" character varying NOT NULL, "email" character varying NOT NULL)[0m
  ↳ db/migrate/20220330214926_create_user.rb:3
  [1m[35m (1.1ms)[0m  [1m[35mCREATE  INDEX  "index_users_on_name_and_email" ON "users"  ("name", "email")[0m
  ↳ db/migrate/20220330214926_create_user.rb:9
  [1m[36mActiveRecord::SchemaMigration Create (0.5ms)[0m  [1m[32mINSERT INTO "schema_migrations" ("version") VALUES ($1) RETURNING "version"[0m  [["version", "20220330214926"]]
  ↳ bin/rails:9
  [1m[35m (5.9ms)[0m  [1m[35mCOMMIT[0m
  ↳ bin/rails:9
  [1m[36mActiveRecord::InternalMetadata Load (1.0ms)[0m  [1m[34mSELECT  "ar_internal_metadata".* FROM "ar_internal_metadata" WHERE "ar_internal_metadata"."key" = $1 LIMIT $2[0m  [["key", "environment"], ["LIMIT", 1]]
  ↳ bin/rails:9
  [1m[35m (0.2ms)[0m  [1m[35mBEGIN[0m
  ↳ bin/rails:9
  [1m[36mActiveRecord::InternalMetadata Create (0.7ms)[0m  [1m[32mINSERT INTO "ar_internal_metadata" ("key", "value", "created_at", "updated_at") VALUES ($1, $2, $3, $4) RETURNING "key"[0m  [["key", "environment"], ["value", "development"], ["created_at", "2022-03-30 21:56:26.104926"], ["updated_at", "2022-03-30 21:56:26.104926"]]
  ↳ bin/rails:9
  [1m[35m (0.4ms)[0m  [1m[35mCOMMIT[0m
  ↳ bin/rails:9
  [1m[35m (0.3ms)[0m  [1m[34mSELECT pg_advisory_unlock(8170507368831508575)[0m
  ↳ bin/rails:9
  [1m[35m (3.1ms)[0m  [1m[34mSELECT "schema_migrations"."version" FROM "schema_migrations" ORDER BY "schema_migrations"."version" ASC[0m
  ↳ bin/rails:9
  [1m[35m (1.2ms)[0m  [1m[34mSELECT "schema_migrations"."version" FROM "schema_migrations" ORDER BY "schema_migrations"."version" ASC[0m
  ↳ /Users/appacademy/.rbenv/versions/2.5.1/bin/annotate:25
  [1m[35m (1.4ms)[0m  [1m[35mCREATE DATABASE "routes_practice_development" ENCODING = 'unicode'[0m
  ↳ bin/rails:9
  [1m[35m (2.6ms)[0m  [1m[35mCREATE DATABASE "routes_practice_test" ENCODING = 'unicode'[0m
  ↳ bin/rails:9
  [1m[35m (0.7ms)[0m  [1m[34mSELECT "schema_migrations"."version" FROM "schema_migrations" ORDER BY "schema_migrations"."version" ASC[0m
  ↳ bin/rails:9
  [1m[35m (0.5ms)[0m  [1m[34mSELECT "ar_internal_metadata"."value" FROM "ar_internal_metadata" WHERE "ar_internal_metadata"."key" = $1[0m  [["key", "environment"]]
  ↳ bin/rails:9
  [1m[35m (0.2ms)[0m  [1m[34mSELECT "schema_migrations"."version" FROM "schema_migrations" ORDER BY "schema_migrations"."version" ASC[0m
  ↳ bin/rails:9
  [1m[35m (0.2ms)[0m  [1m[34mSELECT "ar_internal_metadata"."value" FROM "ar_internal_metadata" WHERE "ar_internal_metadata"."key" = $1[0m  [["key", "environment"]]
  ↳ bin/rails:9
  [1m[35m (0.2ms)[0m  [1m[34mSELECT "schema_migrations"."version" FROM "schema_migrations" ORDER BY "schema_migrations"."version" ASC[0m
  ↳ bin/rails:9
  [1m[35m (0.2ms)[0m  [1m[34mSELECT "ar_internal_metadata"."value" FROM "ar_internal_metadata" WHERE "ar_internal_metadata"."key" = $1[0m  [["key", "environment"]]
  ↳ bin/rails:9
  [1m[35mSQL (2.3ms)[0m  [1m[35mCREATE EXTENSION IF NOT EXISTS "plpgsql"[0m
  ↳ db/schema.rb:16
  [1m[35m (8.2ms)[0m  [1m[35mDROP TABLE IF EXISTS "users" CASCADE[0m
  ↳ db/schema.rb:18
  [1m[35m (8.1ms)[0m  [1m[35mCREATE TABLE "users" ("id" bigserial primary key, "users" character varying NOT NULL, "name" character varying NOT NULL, "email" character varying NOT NULL)[0m
  ↳ db/schema.rb:18
  [1m[35m (4.8ms)[0m  [1m[35mCREATE  INDEX  "index_users_on_name_and_email" ON "users"  ("name", "email")[0m
  ↳ db/schema.rb:18
  [1m[35m (0.8ms)[0m  [1m[34mSELECT "schema_migrations"."version" FROM "schema_migrations" ORDER BY "schema_migrations"."version" ASC[0m
  ↳ db/schema.rb:13
  [1m[36mActiveRecord::InternalMetadata Load (0.5ms)[0m  [1m[34mSELECT  "ar_internal_metadata".* FROM "ar_internal_metadata" WHERE "ar_internal_metadata"."key" = $1 LIMIT $2[0m  [["key", "environment"], ["LIMIT", 1]]
  ↳ db/schema.rb:13
  [1m[35m (0.3ms)[0m  [1m[35mBEGIN[0m
  ↳ db/schema.rb:13
  [1m[35m (0.3ms)[0m  [1m[35mCOMMIT[0m
  ↳ db/schema.rb:13
  [1m[36mActiveRecord::InternalMetadata Load (0.4ms)[0m  [1m[34mSELECT  "ar_internal_metadata".* FROM "ar_internal_metadata" WHERE "ar_internal_metadata"."key" = $1 LIMIT $2[0m  [["key", "environment"], ["LIMIT", 1]]
  ↳ bin/rails:9
  [1m[35m (0.2ms)[0m  [1m[35mBEGIN[0m
  ↳ bin/rails:9
  [1m[35m (0.1ms)[0m  [1m[35mCOMMIT[0m
  ↳ bin/rails:9
  [1m[35mSQL (2.7ms)[0m  [1m[35mCREATE EXTENSION IF NOT EXISTS "plpgsql"[0m
  ↳ db/schema.rb:16
  [1m[35m (1.2ms)[0m  [1m[35mDROP TABLE IF EXISTS "users" CASCADE[0m
  ↳ db/schema.rb:18
  [1m[35m (40.5ms)[0m  [1m[35mCREATE TABLE "users" ("id" bigserial primary key, "users" character varying NOT NULL, "name" character varying NOT NULL, "email" character varying NOT NULL)[0m
  ↳ db/schema.rb:18
  [1m[35m (2.5ms)[0m  [1m[35mCREATE  INDEX  "index_users_on_name_and_email" ON "users"  ("name", "email")[0m
  ↳ db/schema.rb:18
  [1m[35m (5.1ms)[0m  [1m[35mCREATE TABLE "schema_migrations" ("version" character varying NOT NULL PRIMARY KEY)[0m
  ↳ db/schema.rb:13
  [1m[35m (1.3ms)[0m  [1m[34mSELECT "schema_migrations"."version" FROM "schema_migrations" ORDER BY "schema_migrations"."version" ASC[0m
  ↳ db/schema.rb:13
  [1m[35m (1.3ms)[0m  [1m[32mINSERT INTO "schema_migrations" (version) VALUES (20220330214926)[0m
  ↳ db/schema.rb:13
  [1m[35m (6.3ms)[0m  [1m[35mCREATE TABLE "ar_internal_metadata" ("key" character varying NOT NULL PRIMARY KEY, "value" character varying, "created_at" timestamp NOT NULL, "updated_at" timestamp NOT NULL)[0m
  ↳ db/schema.rb:13
  [1m[36mActiveRecord::InternalMetadata Load (0.7ms)[0m  [1m[34mSELECT  "ar_internal_metadata".* FROM "ar_internal_metadata" WHERE "ar_internal_metadata"."key" = $1 LIMIT $2[0m  [["key", "environment"], ["LIMIT", 1]]
  ↳ db/schema.rb:13
  [1m[35m (0.2ms)[0m  [1m[35mBEGIN[0m
  ↳ db/schema.rb:13
  [1m[36mActiveRecord::InternalMetadata Create (0.9ms)[0m  [1m[32mINSERT INTO "ar_internal_metadata" ("key", "value", "created_at", "updated_at") VALUES ($1, $2, $3, $4) RETURNING "key"[0m  [["key", "environment"], ["value", "development"], ["created_at", "2022-03-30 22:04:14.500816"], ["updated_at", "2022-03-30 22:04:14.500816"]]
  ↳ db/schema.rb:13
  [1m[35m (0.8ms)[0m  [1m[35mCOMMIT[0m
  ↳ db/schema.rb:13
  [1m[36mActiveRecord::InternalMetadata Load (0.4ms)[0m  [1m[34mSELECT  "ar_internal_metadata".* FROM "ar_internal_metadata" WHERE "ar_internal_metadata"."key" = $1 LIMIT $2[0m  [["key", "environment"], ["LIMIT", 1]]
  ↳ bin/rails:9
  [1m[35m (0.2ms)[0m  [1m[35mBEGIN[0m
  ↳ bin/rails:9
  [1m[36mActiveRecord::InternalMetadata Update (0.6ms)[0m  [1m[33mUPDATE "ar_internal_metadata" SET "value" = $1, "updated_at" = $2 WHERE "ar_internal_metadata"."key" = $3[0m  [["value", "test"], ["updated_at", "2022-03-30 22:04:14.511043"], ["key", "environment"]]
  ↳ bin/rails:9
  [1m[35m (0.5ms)[0m  [1m[35mCOMMIT[0m
  ↳ bin/rails:9
  [1m[35m (5.6ms)[0m  [1m[34mSELECT "schema_migrations"."version" FROM "schema_migrations" ORDER BY "schema_migrations"."version" ASC[0m
  ↳ bin/rails:9
  [1m[35m (0.2ms)[0m  [1m[34mSELECT pg_try_advisory_lock(8170507368831508575)[0m
  ↳ bin/rails:9
  [1m[35m (0.7ms)[0m  [1m[34mSELECT "schema_migrations"."version" FROM "schema_migrations" ORDER BY "schema_migrations"."version" ASC[0m
  ↳ bin/rails:9
Migrating to ChangeUsers (20220330220520)
  [1m[35m (0.2ms)[0m  [1m[35mBEGIN[0m
  ↳ bin/rails:9
  [1m[35m (1.8ms)[0m  [1m[35mALTER TABLE "users" DROP COLUMN "users"[0m
  ↳ db/migrate/20220330220520_change_users.rb:3
  [1m[36mActiveRecord::SchemaMigration Create (0.7ms)[0m  [1m[32mINSERT INTO "schema_migrations" ("version") VALUES ($1) RETURNING "version"[0m  [["version", "20220330220520"]]
  ↳ bin/rails:9
  [1m[35m (6.7ms)[0m  [1m[35mCOMMIT[0m
  ↳ bin/rails:9
  [1m[36mActiveRecord::InternalMetadata Load (0.8ms)[0m  [1m[34mSELECT  "ar_internal_metadata".* FROM "ar_internal_metadata" WHERE "ar_internal_metadata"."key" = $1 LIMIT $2[0m  [["key", "environment"], ["LIMIT", 1]]
  ↳ bin/rails:9
  [1m[35m (0.2ms)[0m  [1m[35mBEGIN[0m
  ↳ bin/rails:9
  [1m[35m (0.2ms)[0m  [1m[35mCOMMIT[0m
  ↳ bin/rails:9
  [1m[35m (0.4ms)[0m  [1m[34mSELECT pg_advisory_unlock(8170507368831508575)[0m
  ↳ bin/rails:9
  [1m[35m (0.5ms)[0m  [1m[34mSELECT "schema_migrations"."version" FROM "schema_migrations" ORDER BY "schema_migrations"."version" ASC[0m
  ↳ bin/rails:9
  [1m[35m (0.2ms)[0m  [1m[35mBEGIN[0m
  [1m[36mUser Create (1.4ms)[0m  [1m[32mINSERT INTO "users" ("name", "email") VALUES ($1, $2) RETURNING "id"[0m  [["name", "a"], ["email", "aa@aaa.com"]]
  [1m[35m (0.6ms)[0m  [1m[35mCOMMIT[0m
  [1m[35m (0.7ms)[0m  [1m[35mBEGIN[0m
  [1m[36mUser Create (0.5ms)[0m  [1m[32mINSERT INTO "users" ("name", "email") VALUES ($1, $2) RETURNING "id"[0m  [["name", "b"], ["email", "bb@bbb.com"]]
  [1m[35m (2.8ms)[0m  [1m[35mCOMMIT[0m
  [1m[36mUser Load (1.3ms)[0m  [1m[34mSELECT "users".* FROM "users"[0m
Started GET "/users/" for ::1 at 2022-03-30 15:14:58 -0700
  [1m[35m (1.2ms)[0m  [1m[34mSELECT "schema_migrations"."version" FROM "schema_migrations" ORDER BY "schema_migrations"."version" ASC[0m
  ↳ /Users/appacademy/.rbenv/versions/2.5.1/lib/ruby/gems/2.5.0/gems/activerecord-5.2.7/lib/active_record/log_subscriber.rb:98
Processing by UsersController#index as */*
  [1m[36mUser Load (0.7ms)[0m  [1m[34mSELECT "users".* FROM "users"[0m
  ↳ app/controllers/users_controller.rb:5
Completed 200 OK in 22ms (Views: 13.5ms | ActiveRecord: 6.1ms)


Started POST "/users/?name=c&email=cc@ccc.com" for ::1 at 2022-03-30 15:19:48 -0700
Processing by UsersController#create as */*
  Parameters: {"name"=>"c", "email"=>"cc@ccc.com"}
Completed 400 Bad Request in 4ms (ActiveRecord: 0.0ms)


  
ActionController::ParameterMissing (param is missing or the value is empty: user):
  
app/controllers/users_controller.rb:9:in `create'
Started POST "/users/?name=c&email=cc@ccc.com" for ::1 at 2022-03-30 15:20:43 -0700
Processing by UsersController#create as */*
  Parameters: {"name"=>"c", "email"=>"cc@ccc.com"}
Completed 400 Bad Request in 2ms (ActiveRecord: 0.0ms)


  
ActionController::ParameterMissing (param is missing or the value is empty: user):
  
app/controllers/users_controller.rb:9:in `create'
Started POST "/users/" for ::1 at 2022-03-30 15:21:57 -0700
Processing by UsersController#create as */*
  Parameters: {"name"=>"c", "email"=>"cc@ccc.com"}
Completed 400 Bad Request in 8ms (ActiveRecord: 0.0ms)


  
ActionController::ParameterMissing (param is missing or the value is empty: user):
  
app/controllers/users_controller.rb:9:in `create'
Started POST "/users/" for ::1 at 2022-03-30 15:22:22 -0700
Processing by UsersController#create as */*
  Parameters: {"name"=>"c", "email"=>"cc@ccc.com"}
Completed 200 OK in 1ms (Views: 0.3ms | ActiveRecord: 0.0ms)


Started POST "/users/" for ::1 at 2022-03-30 15:22:35 -0700
Processing by UsersController#create as */*
Completed 200 OK in 1ms (Views: 0.2ms | ActiveRecord: 0.0ms)


Started POST "/users/" for ::1 at 2022-03-30 15:22:41 -0700
Processing by UsersController#create as */*
Completed 200 OK in 1ms (Views: 0.2ms | ActiveRecord: 0.0ms)


Started POST "/users/?name=c&email=cc@ccc.com" for ::1 at 2022-03-30 15:22:55 -0700
Processing by UsersController#create as */*
  Parameters: {"name"=>"c", "email"=>"cc@ccc.com"}
Completed 200 OK in 1ms (Views: 0.3ms | ActiveRecord: 0.0ms)


Started POST "/users/?:name=c&:email=cc@ccc.com" for ::1 at 2022-03-30 15:23:33 -0700
Processing by UsersController#create as */*
  Parameters: {":name"=>"c", ":email"=>"cc@ccc.com"}
Completed 200 OK in 1ms (Views: 0.4ms | ActiveRecord: 0.0ms)


Started POST "/users/?name=c&email=cc@ccc.com" for ::1 at 2022-03-30 15:24:42 -0700
Processing by UsersController#create as */*
  Parameters: {"name"=>"c", "email"=>"cc@ccc.com"}
Completed 400 Bad Request in 6ms (ActiveRecord: 0.0ms)


  
ActionController::ParameterMissing (param is missing or the value is empty: user):
  
app/controllers/users_controller.rb:9:in `create'
Started POST "/users/?name=c&email=cc@ccc.com" for ::1 at 2022-03-30 15:26:38 -0700
  
SyntaxError (/Users/appacademy/Desktop/W6D3/routes_practice/app/controllers/users_controller.rb:10: syntax error, unexpected tIVAR, expecting ')'
        @user.save!
        ^~~~~):
  
app/controllers/users_controller.rb:10: syntax error, unexpected tIVAR, expecting ')'
Started POST "/users/?name=c&email=cc@ccc.com" for ::1 at 2022-03-30 15:26:53 -0700
  
SyntaxError (/Users/appacademy/Desktop/W6D3/routes_practice/app/controllers/users_controller.rb:10: syntax error, unexpected tIDENTIFIER, expecting ')'
        user.save!
        ^~~~):
  
app/controllers/users_controller.rb:10: syntax error, unexpected tIDENTIFIER, expecting ')'
Started POST "/users/?name=c&email=cc@ccc.com" for ::1 at 2022-03-30 15:27:11 -0700
  
SyntaxError (/Users/appacademy/Desktop/W6D3/routes_practice/app/controllers/users_controller.rb:10: syntax error, unexpected tIDENTIFIER, expecting ')'
        user.save!
        ^~~~):
  
app/controllers/users_controller.rb:10: syntax error, unexpected tIDENTIFIER, expecting ')'
Started POST "/users/?name=c&email=cc@ccc.com" for ::1 at 2022-03-30 15:27:25 -0700
Processing by UsersController#create as */*
  Parameters: {"name"=>"c", "email"=>"cc@ccc.com"}
Completed 400 Bad Request in 10ms (ActiveRecord: 0.0ms)


  
ActionController::ParameterMissing (param is missing or the value is empty: user):
  
app/controllers/users_controller.rb:9:in `create'
Started POST "/users/?name=c&email=cc@ccc.com" for ::1 at 2022-03-30 15:27:51 -0700
Processing by UsersController#create as */*
  Parameters: {"name"=>"c", "email"=>"cc@ccc.com"}
Completed 400 Bad Request in 4ms (ActiveRecord: 0.0ms)


  
ActionController::ParameterMissing (param is missing or the value is empty: user):
  
app/controllers/users_controller.rb:9:in `create'
Started POST "/users/?name=c&email=cc@ccc.com" for ::1 at 2022-03-30 15:28:31 -0700
Processing by UsersController#create as */*
  Parameters: {"name"=>"c", "email"=>"cc@ccc.com"}
Completed 400 Bad Request in 6ms (ActiveRecord: 0.0ms)


  
ActionController::ParameterMissing (param is missing or the value is empty: user):
  
app/controllers/users_controller.rb:9:in `create'
Started POST "/users/" for ::1 at 2022-03-30 15:29:03 -0700
Processing by UsersController#create as */*
Completed 200 OK in 1ms (Views: 0.3ms | ActiveRecord: 0.0ms)


Started POST "/users/?name=c&email=cc@ccc.com" for ::1 at 2022-03-30 15:29:09 -0700
Processing by UsersController#create as */*
  Parameters: {"name"=>"c", "email"=>"cc@ccc.com"}
Completed 200 OK in 1ms (Views: 0.3ms | ActiveRecord: 0.0ms)


Started POST "/users/?user[name]=c&user[email]=cc@ccc.com" for ::1 at 2022-03-30 15:30:59 -0700
Processing by UsersController#create as */*
  Parameters: {"user"=>{"name"=>"c", "email"=>"cc@ccc.com"}}
  [1m[35m (0.2ms)[0m  [1m[35mBEGIN[0m
  ↳ app/controllers/users_controller.rb:11
  [1m[36mUser Create (2.0ms)[0m  [1m[32mINSERT INTO "users" ("name", "email") VALUES ($1, $2) RETURNING "id"[0m  [["name", "c"], ["email", "cc@ccc.com"]]
  ↳ app/controllers/users_controller.rb:11
  [1m[35m (11.2ms)[0m  [1m[35mCOMMIT[0m
  ↳ app/controllers/users_controller.rb:11
Completed 200 OK in 33ms (Views: 0.3ms | ActiveRecord: 17.6ms)


Started GET "/users" for ::1 at 2022-03-30 15:31:15 -0700
Processing by UsersController#index as */*
  [1m[36mUser Load (0.4ms)[0m  [1m[34mSELECT "users".* FROM "users"[0m
  ↳ app/controllers/users_controller.rb:5
Completed 200 OK in 2ms (Views: 1.3ms | ActiveRecord: 0.4ms)


Started POST "/users" for ::1 at 2022-03-30 15:34:08 -0700
Processing by UsersController#create as */*
  Parameters: {"email"=>"cc@ccc.com"}
Completed 400 Bad Request in 1ms (ActiveRecord: 0.0ms)


  
ActionController::ParameterMissing (param is missing or the value is empty: user):
  
app/controllers/users_controller.rb:9:in `create'
Started POST "/users" for ::1 at 2022-03-30 15:35:32 -0700
  
SyntaxError (/Users/appacademy/Desktop/W6D3/routes_practice/app/controllers/users_controller.rb:16: syntax error, unexpected keyword_else
       else
       ^~~~
/Users/appacademy/Desktop/W6D3/routes_practice/app/controllers/users_controller.rb:36: syntax error, unexpected end-of-input, expecting keyword_end
...users/:id", to: "users#destroy"
...                               ^):
  
app/controllers/users_controller.rb:16: syntax error, unexpected keyword_else
app/controllers/users_controller.rb:36: syntax error, unexpected end-of-input, expecting keyword_end
Started POST "/users" for ::1 at 2022-03-30 15:36:14 -0700
Processing by UsersController#create as */*
  Parameters: {"email"=>"cc@ccc.com"}
Completed 400 Bad Request in 3ms (ActiveRecord: 0.0ms)


  
ActionController::ParameterMissing (param is missing or the value is empty: user):
  
app/controllers/users_controller.rb:9:in `create'
Started POST "/users" for ::1 at 2022-03-30 15:36:32 -0700
Processing by UsersController#create as */*
  Parameters: {"user"=>{"email"=>"cc@ccc.com"}}
  [1m[35m (0.3ms)[0m  [1m[35mBEGIN[0m
  ↳ app/controllers/users_controller.rb:12
  [1m[35m (0.4ms)[0m  [1m[31mROLLBACK[0m
  ↳ app/controllers/users_controller.rb:12
Completed 422 Unprocessable Entity in 55ms (Views: 0.2ms | ActiveRecord: 13.6ms)


Started GET "/user/1" for ::1 at 2022-03-30 15:39:44 -0700
  
ActionController::RoutingError (No route matches [GET] "/user/1"):
  
actionpack (5.2.7) lib/action_dispatch/middleware/debug_exceptions.rb:65:in `call'
web-console (3.7.0) lib/web_console/middleware.rb:135:in `call_app'
web-console (3.7.0) lib/web_console/middleware.rb:30:in `block in call'
web-console (3.7.0) lib/web_console/middleware.rb:20:in `catch'
web-console (3.7.0) lib/web_console/middleware.rb:20:in `call'
actionpack (5.2.7) lib/action_dispatch/middleware/show_exceptions.rb:33:in `call'
railties (5.2.7) lib/rails/rack/logger.rb:38:in `call_app'
railties (5.2.7) lib/rails/rack/logger.rb:26:in `block in call'
activesupport (5.2.7) lib/active_support/tagged_logging.rb:71:in `block in tagged'
activesupport (5.2.7) lib/active_support/tagged_logging.rb:28:in `tagged'
activesupport (5.2.7) lib/active_support/tagged_logging.rb:71:in `tagged'
railties (5.2.7) lib/rails/rack/logger.rb:26:in `call'
sprockets-rails (3.4.2) lib/sprockets/rails/quiet_assets.rb:13:in `call'
actionpack (5.2.7) lib/action_dispatch/middleware/remote_ip.rb:81:in `call'
actionpack (5.2.7) lib/action_dispatch/middleware/request_id.rb:27:in `call'
rack (2.2.3) lib/rack/method_override.rb:24:in `call'
rack (2.2.3) lib/rack/runtime.rb:22:in `call'
activesupport (5.2.7) lib/active_support/cache/strategy/local_cache_middleware.rb:29:in `call'
actionpack (5.2.7) lib/action_dispatch/middleware/executor.rb:14:in `call'
actionpack (5.2.7) lib/action_dispatch/middleware/static.rb:127:in `call'
rack (2.2.3) lib/rack/sendfile.rb:110:in `call'
railties (5.2.7) lib/rails/engine.rb:524:in `call'
puma (3.12.6) lib/puma/configuration.rb:227:in `call'
puma (3.12.6) lib/puma/server.rb:706:in `handle_request'
puma (3.12.6) lib/puma/server.rb:476:in `process_client'
puma (3.12.6) lib/puma/server.rb:334:in `block in run'
puma (3.12.6) lib/puma/thread_pool.rb:135:in `block in spawn_thread'
Started GET "/user/1" for ::1 at 2022-03-30 15:39:50 -0700
  
ActionController::RoutingError (No route matches [GET] "/user/1"):
  
actionpack (5.2.7) lib/action_dispatch/middleware/debug_exceptions.rb:65:in `call'
web-console (3.7.0) lib/web_console/middleware.rb:135:in `call_app'
web-console (3.7.0) lib/web_console/middleware.rb:30:in `block in call'
web-console (3.7.0) lib/web_console/middleware.rb:20:in `catch'
web-console (3.7.0) lib/web_console/middleware.rb:20:in `call'
actionpack (5.2.7) lib/action_dispatch/middleware/show_exceptions.rb:33:in `call'
railties (5.2.7) lib/rails/rack/logger.rb:38:in `call_app'
railties (5.2.7) lib/rails/rack/logger.rb:26:in `block in call'
activesupport (5.2.7) lib/active_support/tagged_logging.rb:71:in `block in tagged'
activesupport (5.2.7) lib/active_support/tagged_logging.rb:28:in `tagged'
activesupport (5.2.7) lib/active_support/tagged_logging.rb:71:in `tagged'
railties (5.2.7) lib/rails/rack/logger.rb:26:in `call'
sprockets-rails (3.4.2) lib/sprockets/rails/quiet_assets.rb:13:in `call'
actionpack (5.2.7) lib/action_dispatch/middleware/remote_ip.rb:81:in `call'
actionpack (5.2.7) lib/action_dispatch/middleware/request_id.rb:27:in `call'
rack (2.2.3) lib/rack/method_override.rb:24:in `call'
rack (2.2.3) lib/rack/runtime.rb:22:in `call'
activesupport (5.2.7) lib/active_support/cache/strategy/local_cache_middleware.rb:29:in `call'
actionpack (5.2.7) lib/action_dispatch/middleware/executor.rb:14:in `call'
actionpack (5.2.7) lib/action_dispatch/middleware/static.rb:127:in `call'
rack (2.2.3) lib/rack/sendfile.rb:110:in `call'
railties (5.2.7) lib/rails/engine.rb:524:in `call'
puma (3.12.6) lib/puma/configuration.rb:227:in `call'
puma (3.12.6) lib/puma/server.rb:706:in `handle_request'
puma (3.12.6) lib/puma/server.rb:476:in `process_client'
puma (3.12.6) lib/puma/server.rb:334:in `block in run'
puma (3.12.6) lib/puma/thread_pool.rb:135:in `block in spawn_thread'
Started GET "/users/1" for ::1 at 2022-03-30 15:40:22 -0700
  
SyntaxError (/Users/appacademy/Desktop/W6D3/routes_practice/app/controllers/users_controller.rb:26: syntax error, unexpected tLABEL, expecting keyword_do or '{' or '('
        @user ? render json: @user : render json: user.er...
                       ^~~~~):
  
app/controllers/users_controller.rb:26: syntax error, unexpected tLABEL, expecting keyword_do or '{' or '('
Started GET "/users/1" for ::1 at 2022-03-30 15:41:16 -0700
Processing by UsersController#show as */*
  Parameters: {"id"=>"1"}
Completed 500 Internal Server Error in 6ms (ActiveRecord: 1.2ms)


  
ArgumentError (Unsupported argument type: id (Symbol)):
  
app/controllers/users_controller.rb:24:in `show'
Started GET "/users/1" for ::1 at 2022-03-30 15:41:45 -0700
Processing by UsersController#show as */*
  Parameters: {"id"=>"1"}
  [1m[36mUser Load (4.5ms)[0m  [1m[34mSELECT  "users".* FROM "users" WHERE (1) LIMIT $1[0m  [["LIMIT", 1]]
  ↳ app/controllers/users_controller.rb:24
Completed 500 Internal Server Error in 12ms (ActiveRecord: 6.3ms)


  
ActiveRecord::StatementInvalid (PG::DatatypeMismatch: ERROR:  argument of WHERE must be type boolean, not type integer
LINE 1: SELECT  "users".* FROM "users" WHERE (1) LIMIT $1
                                              ^
: SELECT  "users".* FROM "users" WHERE (1) LIMIT $1):
  
app/controllers/users_controller.rb:24:in `show'
Started GET "/users/" for ::1 at 2022-03-30 15:43:29 -0700
Processing by UsersController#index as */*
  Parameters: {"\"user"=>{"id"=>{"\n\n\""=>"1"}}}
  [1m[36mUser Load (7.2ms)[0m  [1m[34mSELECT "users".* FROM "users"[0m
  ↳ app/controllers/users_controller.rb:5
Completed 200 OK in 27ms (Views: 13.5ms | ActiveRecord: 13.1ms)


Started GET "/users/1" for ::1 at 2022-03-30 15:43:56 -0700
Processing by UsersController#show as */*
  Parameters: {"\"user"=>{"id"=>{"\n\n\""=>"1"}}, "id"=>"1"}
  [1m[36mUser Load (0.8ms)[0m  [1m[34mSELECT  "users".* FROM "users" WHERE (1) LIMIT $1[0m  [["LIMIT", 1]]
  ↳ app/controllers/users_controller.rb:24
Completed 500 Internal Server Error in 2ms (ActiveRecord: 0.8ms)


  
ActiveRecord::StatementInvalid (PG::DatatypeMismatch: ERROR:  argument of WHERE must be type boolean, not type integer
LINE 1: SELECT  "users".* FROM "users" WHERE (1) LIMIT $1
                                              ^
: SELECT  "users".* FROM "users" WHERE (1) LIMIT $1):
  
app/controllers/users_controller.rb:24:in `show'
Started GET "/users/1" for ::1 at 2022-03-30 15:45:08 -0700
Processing by UsersController#show as */*
  Parameters: {"id"=>"1"}
  [1m[36mUser Load (0.3ms)[0m  [1m[34mSELECT  "users".* FROM "users" WHERE "users"."id" = $1 LIMIT $2[0m  [["id", 1], ["LIMIT", 1]]
  ↳ app/controllers/users_controller.rb:24
Completed 200 OK in 19ms (Views: 0.5ms | ActiveRecord: 4.7ms)


Started GET "/users/2" for ::1 at 2022-03-30 16:03:04 -0700
Processing by UsersController#show as */*
  Parameters: {"id"=>"2"}
  [1m[36mUser Load (0.7ms)[0m  [1m[34mSELECT  "users".* FROM "users" WHERE "users"."id" = $1 LIMIT $2[0m  [["id", 2], ["LIMIT", 1]]
  ↳ app/controllers/users_controller.rb:24
Completed 200 OK in 8ms (Views: 0.3ms | ActiveRecord: 4.3ms)


Started GET "/users/5" for ::1 at 2022-03-30 16:03:12 -0700
Processing by UsersController#show as */*
  Parameters: {"id"=>"5"}
  [1m[36mUser Load (0.5ms)[0m  [1m[34mSELECT  "users".* FROM "users" WHERE "users"."id" = $1 LIMIT $2[0m  [["id", 5], ["LIMIT", 1]]
  ↳ app/controllers/users_controller.rb:24
Completed 500 Internal Server Error in 214ms (ActiveRecord: 0.5ms)


  
NameError (undefined local variable or method `user' for #<UsersController:0x00007fe316094e98>
Did you mean?  @user):
  
app/controllers/users_controller.rb:29:in `show'
Started GET "/users/5" for ::1 at 2022-03-30 16:03:38 -0700
Processing by UsersController#show as */*
  Parameters: {"id"=>"5"}
  [1m[36mUser Load (2.8ms)[0m  [1m[34mSELECT  "users".* FROM "users" WHERE "users"."id" = $1 LIMIT $2[0m  [["id", 5], ["LIMIT", 1]]
  ↳ app/controllers/users_controller.rb:24
Completed 500 Internal Server Error in 16ms (ActiveRecord: 6.0ms)


  
NoMethodError (undefined method `errors' for nil:NilClass):
  
app/controllers/users_controller.rb:29:in `show'
Started GET "/users/5" for ::1 at 2022-03-30 16:04:03 -0700
Processing by UsersController#show as */*
  Parameters: {"id"=>"5"}
  [1m[36mUser Load (0.5ms)[0m  [1m[34mSELECT  "users".* FROM "users" WHERE "users"."id" = $1 LIMIT $2[0m  [["id", 5], ["LIMIT", 1]]
  ↳ app/controllers/users_controller.rb:24
  Rendering text template
  Rendered text template (0.0ms)
Completed 404 Not Found in 14ms (Views: 1.5ms | ActiveRecord: 2.9ms)


Started PATCH "/users/1" for ::1 at 2022-03-30 16:14:15 -0700
Processing by UsersController#update as */*
  Parameters: {"id"=>"1"}
  [1m[36mUser Load (0.5ms)[0m  [1m[34mSELECT  "users".* FROM "users" WHERE "users"."id" = $1 LIMIT $2[0m  [["id", 1], ["LIMIT", 1]]
  ↳ app/controllers/users_controller.rb:34
Completed 400 Bad Request in 19ms (ActiveRecord: 9.5ms)


  
ActionController::ParameterMissing (param is missing or the value is empty: user):
  
app/controllers/users_controller.rb:36:in `update'
Started PATCH "/users/1" for ::1 at 2022-03-30 16:15:19 -0700
Processing by UsersController#update as */*
  Parameters: {"user"=>{"name"=>"a", "email"=>"new@mail.com"}, "id"=>"1"}
  [1m[36mUser Load (0.5ms)[0m  [1m[34mSELECT  "users".* FROM "users" WHERE "users"."id" = $1 LIMIT $2[0m  [["id", 1], ["LIMIT", 1]]
  ↳ app/controllers/users_controller.rb:34
  [1m[35m (0.5ms)[0m  [1m[35mBEGIN[0m
  ↳ app/controllers/users_controller.rb:36
  [1m[36mUser Update (8.1ms)[0m  [1m[33mUPDATE "users" SET "email" = $1 WHERE "users"."id" = $2[0m  [["email", "new@mail.com"], ["id", 1]]
  ↳ app/controllers/users_controller.rb:36
  [1m[35m (4.7ms)[0m  [1m[35mCOMMIT[0m
  ↳ app/controllers/users_controller.rb:36
Redirected to http://localhost:3000/users/1
Completed 302 Found in 23ms (ActiveRecord: 13.9ms)


Started GET "/users/1" for ::1 at 2022-03-30 16:15:19 -0700
Processing by UsersController#show as */*
  Parameters: {"id"=>"1"}
  [1m[36mUser Load (0.4ms)[0m  [1m[34mSELECT  "users".* FROM "users" WHERE "users"."id" = $1 LIMIT $2[0m  [["id", 1], ["LIMIT", 1]]
  ↳ app/controllers/users_controller.rb:24
Completed 200 OK in 2ms (Views: 0.4ms | ActiveRecord: 0.4ms)


Started PATCH "/users/" for ::1 at 2022-03-30 16:15:27 -0700
  
ActionController::RoutingError (No route matches [PATCH] "/users"):
  
actionpack (5.2.7) lib/action_dispatch/middleware/debug_exceptions.rb:65:in `call'
web-console (3.7.0) lib/web_console/middleware.rb:135:in `call_app'
web-console (3.7.0) lib/web_console/middleware.rb:30:in `block in call'
web-console (3.7.0) lib/web_console/middleware.rb:20:in `catch'
web-console (3.7.0) lib/web_console/middleware.rb:20:in `call'
actionpack (5.2.7) lib/action_dispatch/middleware/show_exceptions.rb:33:in `call'
railties (5.2.7) lib/rails/rack/logger.rb:38:in `call_app'
railties (5.2.7) lib/rails/rack/logger.rb:26:in `block in call'
activesupport (5.2.7) lib/active_support/tagged_logging.rb:71:in `block in tagged'
activesupport (5.2.7) lib/active_support/tagged_logging.rb:28:in `tagged'
activesupport (5.2.7) lib/active_support/tagged_logging.rb:71:in `tagged'
railties (5.2.7) lib/rails/rack/logger.rb:26:in `call'
sprockets-rails (3.4.2) lib/sprockets/rails/quiet_assets.rb:13:in `call'
actionpack (5.2.7) lib/action_dispatch/middleware/remote_ip.rb:81:in `call'
actionpack (5.2.7) lib/action_dispatch/middleware/request_id.rb:27:in `call'
rack (2.2.3) lib/rack/method_override.rb:24:in `call'
rack (2.2.3) lib/rack/runtime.rb:22:in `call'
activesupport (5.2.7) lib/active_support/cache/strategy/local_cache_middleware.rb:29:in `call'
actionpack (5.2.7) lib/action_dispatch/middleware/executor.rb:14:in `call'
actionpack (5.2.7) lib/action_dispatch/middleware/static.rb:127:in `call'
rack (2.2.3) lib/rack/sendfile.rb:110:in `call'
railties (5.2.7) lib/rails/engine.rb:524:in `call'
puma (3.12.6) lib/puma/configuration.rb:227:in `call'
puma (3.12.6) lib/puma/server.rb:706:in `handle_request'
puma (3.12.6) lib/puma/server.rb:476:in `process_client'
puma (3.12.6) lib/puma/server.rb:334:in `block in run'
puma (3.12.6) lib/puma/thread_pool.rb:135:in `block in spawn_thread'
Started GET "/users/" for ::1 at 2022-03-30 16:15:36 -0700
Processing by UsersController#index as */*
  [1m[36mUser Load (0.6ms)[0m  [1m[34mSELECT "users".* FROM "users"[0m
  ↳ app/controllers/users_controller.rb:5
Completed 200 OK in 3ms (Views: 1.7ms | ActiveRecord: 0.6ms)


Started DELETE "/users/1" for ::1 at 2022-03-30 16:19:23 -0700
Processing by UsersController#destroy as */*
  Parameters: {"id"=>"1"}
  [1m[36mUser Load (0.5ms)[0m  [1m[34mSELECT  "users".* FROM "users" WHERE "users"."id" = $1 LIMIT $2[0m  [["id", 1], ["LIMIT", 1]]
  ↳ app/controllers/users_controller.rb:44
  [1m[35m (0.2ms)[0m  [1m[35mBEGIN[0m
  ↳ app/controllers/users_controller.rb:45
  [1m[36mUser Destroy (0.3ms)[0m  [1m[31mDELETE FROM "users" WHERE "users"."id" = $1[0m  [["id", 1]]
  ↳ app/controllers/users_controller.rb:45
  [1m[35m (2.2ms)[0m  [1m[35mCOMMIT[0m
  ↳ app/controllers/users_controller.rb:45
Redirected to http://localhost:3000/users
Completed 302 Found in 18ms (ActiveRecord: 7.8ms)


Started GET "/users" for ::1 at 2022-03-30 16:19:23 -0700
Processing by UsersController#index as */*
  [1m[36mUser Load (0.3ms)[0m  [1m[34mSELECT "users".* FROM "users"[0m
  ↳ app/controllers/users_controller.rb:5
Completed 200 OK in 2ms (Views: 1.3ms | ActiveRecord: 0.3ms)


Started DELETE "/users/1" for ::1 at 2022-03-30 16:19:37 -0700
Processing by UsersController#destroy as */*
  Parameters: {"id"=>"1"}
  [1m[36mUser Load (0.6ms)[0m  [1m[34mSELECT  "users".* FROM "users" WHERE "users"."id" = $1 LIMIT $2[0m  [["id", 1], ["LIMIT", 1]]
  ↳ app/controllers/users_controller.rb:44
Completed 404 Not Found in 3ms (ActiveRecord: 0.6ms)


  
ActiveRecord::RecordNotFound (Couldn't find User with 'id'=1):
  
app/controllers/users_controller.rb:44:in `destroy'
